<?xml version="1.0" encoding="UTF-8"?>
<!-- Generated by org.testng.reporters.JUnitXMLReporter -->
<testsuite ignored="0" hostname="DESKTOP-N572ML1" failures="1" tests="2" name="Error Validation" time="23.082" errors="0" timestamp="2025-01-28T23:18:15 IST">
  <testcase classname="vedaprada.ErrorValidation" name="ErrorHandeling" time="1.763">
    <skipped/>
  </testcase> <!-- ErrorHandeling -->
  <testcase classname="vedaprada.ErrorValidation" name="ErrorHandeling" time="2.279">
    <failure type="java.lang.AssertionError" message="expected [Incorrect email or password.] but found [Incorrect email password.]">
      <![CDATA[java.lang.AssertionError: expected [Incorrect email or password.] but found [Incorrect email password.]
at vedaprada.ErrorValidation.ErrorHandeling(ErrorValidation.java:20)
at java.base/java.util.ArrayList.forEach(ArrayList.java:1511)
at java.base/java.util.concurrent.FutureTask.run(FutureTask.java:264)
at java.base/java.util.concurrent.ThreadPoolExecutor.runWorker(ThreadPoolExecutor.java:1136)
at java.base/java.util.concurrent.ThreadPoolExecutor$Worker.run(ThreadPoolExecutor.java:635)
at java.base/java.lang.Thread.run(Thread.java:840)
... Removed 23 stack frames]]>
    </failure>
  </testcase> <!-- ErrorHandeling -->
</testsuite> <!-- Error Validation -->
