<?xml version="1.0" encoding="UTF-8"?>
<!-- Generated by org.testng.reporters.JUnitXMLReporter -->
<testsuite ignored="0" hostname="DESKTOP-N572ML1" failures="0" tests="3" name="Submit Order" time="36.104" errors="0" timestamp="2025-01-28T23:18:27 IST">
  <testcase classname="vedaprada.StandAloneTest2" name="submitOrder" time="6.114"/>
  <testcase classname="vedaprada.StandAloneTest2" name="submitOrder" time="4.404"/>
  <testcase classname="vedaprada.StandAloneTest2" name="orderHistoryTest" time="1.434"/>
</testsuite> <!-- Submit Order -->
