<?xml version="1.0" encoding="UTF-8"?>
<!-- Generated by org.testng.reporters.JUnitXMLReporter -->
<testsuite ignored="0" hostname="DESKTOP-N572ML1" failures="0" tests="3" name="Submit Order" time="20.362" errors="0" timestamp="2025-01-29T20:26:04 IST">
  <testcase classname="vedaprada.StandAloneTest2" name="submitOrder" time="4.847"/>
  <testcase classname="vedaprada.StandAloneTest2" name="submitOrder" time="4.546"/>
  <testcase classname="vedaprada.StandAloneTest2" name="orderHistoryTest" time="1.01"/>
</testsuite> <!-- Submit Order -->
